This file contains any messages produced by compilers while
running configure, to aid debugging if configure makes a mistake.

It was created by APRS parser configure 1.5, which was
generated by GNU Autoconf 2.69.  Invocation command line was

  $ ./configure 

## --------- ##
## Platform. ##
## --------- ##

hostname = nsab.us
uname -m = x86_64
uname -r = 3.2.0-60-generic
uname -s = Linux
uname -v = #91-Ubuntu SMP Wed Feb 19 03:54:44 UTC 2014

/usr/bin/uname -p = unknown
/bin/uname -X     = unknown

/bin/arch              = unknown
/usr/bin/arch -k       = unknown
/usr/convex/getsysinfo = unknown
/usr/bin/hostinfo      = unknown
/bin/machine           = unknown
/usr/bin/oslevel       = unknown
/bin/universe          = unknown

PATH: /usr/local/bin
PATH: /bin
PATH: /usr/bin
PATH: /usr/sbin
PATH: /usr/local/sbin
PATH: /sbin
PATH: /usr/local/share/android/tools


## ----------- ##
## Core tests. ##
## ----------- ##

configure:2253: checking for a BSD-compatible install
configure:2321: result: /usr/bin/install -c
configure:2332: checking whether build environment is sane
configure:2382: result: yes
configure:2523: checking for a thread-safe mkdir -p
configure:2562: result: /bin/mkdir -p
configure:2575: checking for gawk
configure:2605: result: no
configure:2575: checking for mawk
configure:2591: found /usr/bin/mawk
configure:2602: result: mawk
configure:2613: checking whether make sets $(MAKE)
configure:2635: result: yes
configure:2745: checking build system type
configure:2759: result: x86_64-unknown-linux-gnu
configure:2779: checking host system type
configure:2792: result: x86_64-unknown-linux-gnu
configure:2833: checking how to print strings
configure:2860: result: printf
configure:2893: checking for style of include used by make
configure:2921: result: GNU
configure:2992: checking for gcc
configure:3008: found /usr/bin/gcc
configure:3019: result: gcc
configure:3248: checking for C compiler version
configure:3257: gcc --version >&5
gcc-4.6.real (Ubuntu/Linaro 4.6.3-1ubuntu5) 4.6.3
Copyright (C) 2011 Free Software Foundation, Inc.
This is free software; see the source for copying conditions.  There is NO
warranty; not even for MERCHANTABILITY or FITNESS FOR A PARTICULAR PURPOSE.

configure:3268: $? = 0
configure:3257: gcc -v >&5
Using built-in specs.
COLLECT_GCC=/usr/bin/gcc-4.6.real
COLLECT_LTO_WRAPPER=/usr/lib/gcc/x86_64-linux-gnu/4.6/lto-wrapper
Target: x86_64-linux-gnu
Configured with: ../src/configure -v --with-pkgversion='Ubuntu/Linaro 4.6.3-1ubuntu5' --with-bugurl=file:///usr/share/doc/gcc-4.6/README.Bugs --enable-languages=c,c++,fortran,objc,obj-c++ --prefix=/usr --program-suffix=-4.6 --enable-shared --enable-linker-build-id --with-system-zlib --libexecdir=/usr/lib --without-included-gettext --enable-threads=posix --with-gxx-include-dir=/usr/include/c++/4.6 --libdir=/usr/lib --enable-nls --with-sysroot=/ --enable-clocale=gnu --enable-libstdcxx-debug --enable-libstdcxx-time=yes --enable-gnu-unique-object --enable-plugin --enable-objc-gc --disable-werror --with-arch-32=i686 --with-tune=generic --enable-checking=release --build=x86_64-linux-gnu --host=x86_64-linux-gnu --target=x86_64-linux-gnu
Thread model: posix
gcc version 4.6.3 (Ubuntu/Linaro 4.6.3-1ubuntu5) 
configure:3268: $? = 0
configure:3257: gcc -V >&5
gcc-4.6.real: error: unrecognized option '-V'
gcc-4.6.real: fatal error: no input files
compilation terminated.
configure:3268: $? = 4
configure:3257: gcc -qversion >&5
gcc-4.6.real: error: unrecognized option '-qversion'
gcc-4.6.real: fatal error: no input files
compilation terminated.
configure:3268: $? = 4
configure:3288: checking whether the C compiler works
configure:3310: gcc    conftest.c  >&5
configure:3314: $? = 0
configure:3362: result: yes
configure:3365: checking for C compiler default output file name
configure:3367: result: a.out
configure:3373: checking for suffix of executables
configure:3380: gcc -o conftest    conftest.c  >&5
configure:3384: $? = 0
configure:3406: result: 
configure:3428: checking whether we are cross compiling
configure:3436: gcc -o conftest    conftest.c  >&5
configure:3440: $? = 0
configure:3447: ./conftest
configure:3451: $? = 0
configure:3466: result: no
configure:3471: checking for suffix of object files
configure:3493: gcc -c   conftest.c >&5
configure:3497: $? = 0
configure:3518: result: o
configure:3522: checking whether we are using the GNU C compiler
configure:3541: gcc -c   conftest.c >&5
configure:3541: $? = 0
configure:3550: result: yes
configure:3559: checking whether gcc accepts -g
configure:3579: gcc -c -g  conftest.c >&5
configure:3579: $? = 0
configure:3620: result: yes
configure:3637: checking for gcc option to accept ISO C89
configure:3700: gcc  -c -g -O2  conftest.c >&5
configure:3700: $? = 0
configure:3713: result: none needed
configure:3735: checking dependency style of gcc
configure:3846: result: gcc3
configure:3861: checking for a sed that does not truncate output
configure:3925: result: /bin/sed
configure:3943: checking for grep that handles long lines and -e
configure:4001: result: /bin/grep
configure:4006: checking for egrep
configure:4068: result: /bin/grep -E
configure:4073: checking for fgrep
configure:4135: result: /bin/grep -F
configure:4170: checking for ld used by gcc
configure:4237: result: /usr/bin/ld
configure:4244: checking if the linker (/usr/bin/ld) is GNU ld
configure:4259: result: yes
configure:4271: checking for BSD- or MS-compatible name lister (nm)
configure:4320: result: /usr/bin/nm -B
configure:4450: checking the name lister (/usr/bin/nm -B) interface
configure:4457: gcc -c -g -O2  conftest.c >&5
configure:4460: /usr/bin/nm -B "conftest.o"
configure:4463: output
0000000000000000 B some_variable
configure:4470: result: BSD nm
configure:4473: checking whether ln -s works
configure:4477: result: yes
configure:4485: checking the maximum length of command line arguments
configure:4615: result: 1572864
configure:4632: checking whether the shell understands some XSI constructs
configure:4642: result: yes
configure:4646: checking whether the shell understands "+="
configure:4652: result: yes
configure:4687: checking how to convert x86_64-unknown-linux-gnu file names to x86_64-unknown-linux-gnu format
configure:4727: result: func_convert_file_noop
configure:4734: checking how to convert x86_64-unknown-linux-gnu file names to toolchain format
configure:4754: result: func_convert_file_noop
configure:4761: checking for /usr/bin/ld option to reload object files
configure:4768: result: -r
configure:4842: checking for objdump
configure:4858: found /usr/bin/objdump
configure:4869: result: objdump
configure:4901: checking how to recognize dependent libraries
configure:5099: result: pass_all
configure:5184: checking for dlltool
configure:5214: result: no
configure:5244: checking how to associate runtime and link libraries
configure:5271: result: printf %s\n
configure:5332: checking for ar
configure:5348: found /usr/bin/ar
configure:5359: result: ar
configure:5396: checking for archiver @FILE support
configure:5413: gcc -c -g -O2  conftest.c >&5
configure:5413: $? = 0
configure:5416: ar cru libconftest.a @conftest.lst >&5
configure:5419: $? = 0
configure:5424: ar cru libconftest.a @conftest.lst >&5
ar: conftest.o: No such file or directory
configure:5427: $? = 1
configure:5439: result: @
configure:5497: checking for strip
configure:5513: found /usr/bin/strip
configure:5524: result: strip
configure:5596: checking for ranlib
configure:5612: found /usr/bin/ranlib
configure:5623: result: ranlib
configure:5725: checking command to parse /usr/bin/nm -B output from gcc object
configure:5845: gcc -c -g -O2  conftest.c >&5
configure:5848: $? = 0
configure:5852: /usr/bin/nm -B conftest.o \| sed -n -e 's/^.*[ ]\([ABCDGIRSTW][ABCDGIRSTW]*\)[ ][ ]*\([_A-Za-z][_A-Za-z0-9]*\)$/\1 \2 \2/p' | sed '/ __gnu_lto/d' \> conftest.nm
configure:5855: $? = 0
configure:5921: gcc -o conftest -g -O2   conftest.c conftstm.o >&5
configure:5924: $? = 0
configure:5962: result: ok
configure:5999: checking for sysroot
configure:6029: result: no
configure:6106: gcc -c -g -O2  conftest.c >&5
configure:6109: $? = 0
configure:6285: checking for mt
configure:6301: found /bin/mt
configure:6312: result: mt
configure:6335: checking if mt is a manifest tool
configure:6341: mt '-?'
configure:6349: result: no
configure:6991: checking how to run the C preprocessor
configure:7022: gcc -E  conftest.c
configure:7022: $? = 0
configure:7036: gcc -E  conftest.c
conftest.c:11:28: fatal error: ac_nonexistent.h: No such file or directory
compilation terminated.
configure:7036: $? = 1
configure: failed program was:
| /* confdefs.h */
| #define PACKAGE_NAME "APRS parser"
| #define PACKAGE_TARNAME "libfap"
| #define PACKAGE_VERSION "1.5"
| #define PACKAGE_STRING "APRS parser 1.5"
| #define PACKAGE_BUGREPORT "OH2GVE"
| #define PACKAGE_URL ""
| #define PACKAGE "libfap"
| #define VERSION "1.5"
| /* end confdefs.h.  */
| #include <ac_nonexistent.h>
configure:7061: result: gcc -E
configure:7081: gcc -E  conftest.c
configure:7081: $? = 0
configure:7095: gcc -E  conftest.c
conftest.c:11:28: fatal error: ac_nonexistent.h: No such file or directory
compilation terminated.
configure:7095: $? = 1
configure: failed program was:
| /* confdefs.h */
| #define PACKAGE_NAME "APRS parser"
| #define PACKAGE_TARNAME "libfap"
| #define PACKAGE_VERSION "1.5"
| #define PACKAGE_STRING "APRS parser 1.5"
| #define PACKAGE_BUGREPORT "OH2GVE"
| #define PACKAGE_URL ""
| #define PACKAGE "libfap"
| #define VERSION "1.5"
| /* end confdefs.h.  */
| #include <ac_nonexistent.h>
configure:7124: checking for ANSI C header files
configure:7144: gcc -c -g -O2  conftest.c >&5
configure:7144: $? = 0
configure:7217: gcc -o conftest -g -O2   conftest.c  >&5
configure:7217: $? = 0
configure:7217: ./conftest
configure:7217: $? = 0
configure:7228: result: yes
configure:7241: checking for sys/types.h
configure:7241: gcc -c -g -O2  conftest.c >&5
configure:7241: $? = 0
configure:7241: result: yes
configure:7241: checking for sys/stat.h
configure:7241: gcc -c -g -O2  conftest.c >&5
configure:7241: $? = 0
configure:7241: result: yes
configure:7241: checking for stdlib.h
configure:7241: gcc -c -g -O2  conftest.c >&5
configure:7241: $? = 0
configure:7241: result: yes
configure:7241: checking for string.h
configure:7241: gcc -c -g -O2  conftest.c >&5
configure:7241: $? = 0
configure:7241: result: yes
configure:7241: checking for memory.h
configure:7241: gcc -c -g -O2  conftest.c >&5
configure:7241: $? = 0
configure:7241: result: yes
configure:7241: checking for strings.h
configure:7241: gcc -c -g -O2  conftest.c >&5
configure:7241: $? = 0
configure:7241: result: yes
configure:7241: checking for inttypes.h
configure:7241: gcc -c -g -O2  conftest.c >&5
configure:7241: $? = 0
configure:7241: result: yes
configure:7241: checking for stdint.h
configure:7241: gcc -c -g -O2  conftest.c >&5
configure:7241: $? = 0
configure:7241: result: yes
configure:7241: checking for unistd.h
configure:7241: gcc -c -g -O2  conftest.c >&5
configure:7241: $? = 0
configure:7241: result: yes
configure:7255: checking for dlfcn.h
configure:7255: gcc -c -g -O2  conftest.c >&5
configure:7255: $? = 0
configure:7255: result: yes
configure:7461: checking for objdir
configure:7476: result: .libs
configure:7747: checking if gcc supports -fno-rtti -fno-exceptions
configure:7765: gcc -c -g -O2  -fno-rtti -fno-exceptions conftest.c >&5
cc1: warning: command line option '-fno-rtti' is valid for C++/ObjC++ but not for C [enabled by default]
configure:7769: $? = 0
configure:7782: result: no
configure:8109: checking for gcc option to produce PIC
configure:8116: result: -fPIC -DPIC
configure:8124: checking if gcc PIC flag -fPIC -DPIC works
configure:8142: gcc -c -g -O2  -fPIC -DPIC -DPIC conftest.c >&5
configure:8146: $? = 0
configure:8159: result: yes
configure:8188: checking if gcc static flag -static works
configure:8216: result: yes
configure:8231: checking if gcc supports -c -o file.o
configure:8252: gcc -c -g -O2  -o out/conftest2.o conftest.c >&5
configure:8256: $? = 0
configure:8278: result: yes
configure:8286: checking if gcc supports -c -o file.o
configure:8333: result: yes
configure:8366: checking whether the gcc linker (/usr/bin/ld -m elf_x86_64) supports shared libraries
configure:9523: result: yes
configure:9560: checking whether -lc should be explicitly linked in
configure:9568: gcc -c -g -O2  conftest.c >&5
configure:9571: $? = 0
configure:9586: gcc -shared  -fPIC -DPIC conftest.o  -v -Wl,-soname -Wl,conftest -o conftest 2\>\&1 \| /bin/grep  -lc  \>/dev/null 2\>\&1
configure:9589: $? = 0
configure:9603: result: no
configure:9763: checking dynamic linker characteristics
configure:10263: gcc -o conftest -g -O2   -Wl,-rpath -Wl,/foo conftest.c  >&5
configure:10263: $? = 0
configure:10497: result: GNU/Linux ld.so
configure:10604: checking how to hardcode library paths into programs
configure:10629: result: immediate
configure:11169: checking whether stripping libraries is possible
configure:11174: result: yes
configure:11209: checking if libtool supports shared libraries
configure:11211: result: yes
configure:11214: checking whether to build shared libraries
configure:11235: result: yes
configure:11238: checking whether to build static libraries
configure:11242: result: yes
configure:11327: checking for gcc
configure:11354: result: gcc
configure:11583: checking for C compiler version
configure:11592: gcc --version >&5
gcc-4.6.real (Ubuntu/Linaro 4.6.3-1ubuntu5) 4.6.3
Copyright (C) 2011 Free Software Foundation, Inc.
This is free software; see the source for copying conditions.  There is NO
warranty; not even for MERCHANTABILITY or FITNESS FOR A PARTICULAR PURPOSE.

configure:11603: $? = 0
configure:11592: gcc -v >&5
Using built-in specs.
COLLECT_GCC=/usr/bin/gcc-4.6.real
COLLECT_LTO_WRAPPER=/usr/lib/gcc/x86_64-linux-gnu/4.6/lto-wrapper
Target: x86_64-linux-gnu
Configured with: ../src/configure -v --with-pkgversion='Ubuntu/Linaro 4.6.3-1ubuntu5' --with-bugurl=file:///usr/share/doc/gcc-4.6/README.Bugs --enable-languages=c,c++,fortran,objc,obj-c++ --prefix=/usr --program-suffix=-4.6 --enable-shared --enable-linker-build-id --with-system-zlib --libexecdir=/usr/lib --without-included-gettext --enable-threads=posix --with-gxx-include-dir=/usr/include/c++/4.6 --libdir=/usr/lib --enable-nls --with-sysroot=/ --enable-clocale=gnu --enable-libstdcxx-debug --enable-libstdcxx-time=yes --enable-gnu-unique-object --enable-plugin --enable-objc-gc --disable-werror --with-arch-32=i686 --with-tune=generic --enable-checking=release --build=x86_64-linux-gnu --host=x86_64-linux-gnu --target=x86_64-linux-gnu
Thread model: posix
gcc version 4.6.3 (Ubuntu/Linaro 4.6.3-1ubuntu5) 
configure:11603: $? = 0
configure:11592: gcc -V >&5
gcc-4.6.real: error: unrecognized option '-V'
gcc-4.6.real: fatal error: no input files
compilation terminated.
configure:11603: $? = 4
configure:11592: gcc -qversion >&5
gcc-4.6.real: error: unrecognized option '-qversion'
gcc-4.6.real: fatal error: no input files
compilation terminated.
configure:11603: $? = 4
configure:11607: checking whether we are using the GNU C compiler
configure:11635: result: yes
configure:11644: checking whether gcc accepts -g
configure:11705: result: yes
configure:11722: checking for gcc option to accept ISO C89
configure:11798: result: none needed
configure:11820: checking dependency style of gcc
configure:11931: result: gcc3
configure:11948: checking for stdlib.h
configure:11948: result: yes
configure:11956: checking stdio.h usability
configure:11956: gcc -c -g -O2  conftest.c >&5
configure:11956: $? = 0
configure:11956: result: yes
configure:11956: checking stdio.h presence
configure:11956: gcc -E  conftest.c
configure:11956: $? = 0
configure:11956: result: yes
configure:11956: checking for stdio.h
configure:11956: result: yes
configure:11964: checking for string.h
configure:11964: result: yes
configure:11972: checking for stdint.h
configure:11972: result: yes
configure:11980: checking ctype.h usability
configure:11980: gcc -c -g -O2  conftest.c >&5
configure:11980: $? = 0
configure:11980: result: yes
configure:11980: checking ctype.h presence
configure:11980: gcc -E  conftest.c
configure:11980: $? = 0
configure:11980: result: yes
configure:11980: checking for ctype.h
configure:11980: result: yes
configure:11988: checking regex.h usability
configure:11988: gcc -c -g -O2  conftest.c >&5
configure:11988: $? = 0
configure:11988: result: yes
configure:11988: checking regex.h presence
configure:11988: gcc -E  conftest.c
configure:11988: $? = 0
configure:11988: result: yes
configure:11988: checking for regex.h
configure:11988: result: yes
configure:11996: checking time.h usability
configure:11996: gcc -c -g -O2  conftest.c >&5
configure:11996: $? = 0
configure:11996: result: yes
configure:11996: checking time.h presence
configure:11996: gcc -E  conftest.c
configure:11996: $? = 0
configure:11996: result: yes
configure:11996: checking for time.h
configure:11996: result: yes
configure:12004: checking math.h usability
configure:12004: gcc -c -g -O2  conftest.c >&5
configure:12004: $? = 0
configure:12004: result: yes
configure:12004: checking math.h presence
configure:12004: gcc -E  conftest.c
configure:12004: $? = 0
configure:12004: result: yes
configure:12004: checking for math.h
configure:12004: result: yes
configure:12013: checking for pow in -lm
configure:12038: gcc -o conftest -g -O2   conftest.c -lm   >&5
conftest.c:30:6: warning: conflicting types for built-in function 'pow' [enabled by default]
configure:12038: $? = 0
configure:12047: result: yes
configure:12195: creating ./config.status

## ---------------------- ##
## Running config.status. ##
## ---------------------- ##

This file was extended by APRS parser config.status 1.5, which was
generated by GNU Autoconf 2.69.  Invocation command line was

  CONFIG_FILES    = 
  CONFIG_HEADERS  = 
  CONFIG_LINKS    = 
  CONFIG_COMMANDS = 
  $ ./config.status 

on nsab.us

config.status:1081: creating Makefile
config.status:1081: creating licenses/Makefile
config.status:1081: creating src/Makefile
config.status:1081: creating libfap.pc
config.status:1081: creating config.h
config.status:1310: executing depfiles commands
config.status:1310: executing libtool commands

## ---------------- ##
## Cache variables. ##
## ---------------- ##

ac_cv_build=x86_64-unknown-linux-gnu
ac_cv_c_compiler_gnu=yes
ac_cv_env_CC_set=
ac_cv_env_CC_value=
ac_cv_env_CFLAGS_set=
ac_cv_env_CFLAGS_value=
ac_cv_env_CPPFLAGS_set=
ac_cv_env_CPPFLAGS_value=
ac_cv_env_CPP_set=
ac_cv_env_CPP_value=
ac_cv_env_LDFLAGS_set=
ac_cv_env_LDFLAGS_value=
ac_cv_env_LIBS_set=
ac_cv_env_LIBS_value=
ac_cv_env_build_alias_set=
ac_cv_env_build_alias_value=
ac_cv_env_host_alias_set=
ac_cv_env_host_alias_value=
ac_cv_env_target_alias_set=
ac_cv_env_target_alias_value=
ac_cv_header_ctype_h=yes
ac_cv_header_dlfcn_h=yes
ac_cv_header_inttypes_h=yes
ac_cv_header_math_h=yes
ac_cv_header_memory_h=yes
ac_cv_header_regex_h=yes
ac_cv_header_stdc=yes
ac_cv_header_stdint_h=yes
ac_cv_header_stdio_h=yes
ac_cv_header_stdlib_h=yes
ac_cv_header_string_h=yes
ac_cv_header_strings_h=yes
ac_cv_header_sys_stat_h=yes
ac_cv_header_sys_types_h=yes
ac_cv_header_time_h=yes
ac_cv_header_unistd_h=yes
ac_cv_host=x86_64-unknown-linux-gnu
ac_cv_lib_m_pow=yes
ac_cv_objext=o
ac_cv_path_EGREP='/bin/grep -E'
ac_cv_path_FGREP='/bin/grep -F'
ac_cv_path_GREP=/bin/grep
ac_cv_path_SED=/bin/sed
ac_cv_path_install='/usr/bin/install -c'
ac_cv_path_mkdir=/bin/mkdir
ac_cv_prog_AWK=mawk
ac_cv_prog_CPP='gcc -E'
ac_cv_prog_ac_ct_AR=ar
ac_cv_prog_ac_ct_CC=gcc
ac_cv_prog_ac_ct_MANIFEST_TOOL=mt
ac_cv_prog_ac_ct_OBJDUMP=objdump
ac_cv_prog_ac_ct_RANLIB=ranlib
ac_cv_prog_ac_ct_STRIP=strip
ac_cv_prog_cc_c89=
ac_cv_prog_cc_g=yes
ac_cv_prog_make_make_set=yes
am_cv_CC_dependencies_compiler_type=gcc3
lt_cv_ar_at_file=@
lt_cv_archive_cmds_need_lc=no
lt_cv_deplibs_check_method=pass_all
lt_cv_file_magic_cmd='$MAGIC_CMD'
lt_cv_file_magic_test_file=
lt_cv_ld_reload_flag=-r
lt_cv_nm_interface='BSD nm'
lt_cv_objdir=.libs
lt_cv_path_LD=/usr/bin/ld
lt_cv_path_NM='/usr/bin/nm -B'
lt_cv_path_mainfest_tool=no
lt_cv_prog_compiler_c_o=yes
lt_cv_prog_compiler_pic='-fPIC -DPIC'
lt_cv_prog_compiler_pic_works=yes
lt_cv_prog_compiler_rtti_exceptions=no
lt_cv_prog_compiler_static_works=yes
lt_cv_prog_gnu_ld=yes
lt_cv_sharedlib_from_linklib_cmd='printf %s\n'
lt_cv_shlibpath_overrides_runpath=no
lt_cv_sys_global_symbol_pipe='sed -n -e '\''s/^.*[	 ]\([ABCDGIRSTW][ABCDGIRSTW]*\)[	 ][	 ]*\([_A-Za-z][_A-Za-z0-9]*\)$/\1 \2 \2/p'\'' | sed '\''/ __gnu_lto/d'\'''
lt_cv_sys_global_symbol_to_c_name_address='sed -n -e '\''s/^: \([^ ]*\)[ ]*$/  {\"\1\", (void *) 0},/p'\'' -e '\''s/^[ABCDGIRSTW]* \([^ ]*\) \([^ ]*\)$/  {"\2", (void *) \&\2},/p'\'''
lt_cv_sys_global_symbol_to_c_name_address_lib_prefix='sed -n -e '\''s/^: \([^ ]*\)[ ]*$/  {\"\1\", (void *) 0},/p'\'' -e '\''s/^[ABCDGIRSTW]* \([^ ]*\) \(lib[^ ]*\)$/  {"\2", (void *) \&\2},/p'\'' -e '\''s/^[ABCDGIRSTW]* \([^ ]*\) \([^ ]*\)$/  {"lib\2", (void *) \&\2},/p'\'''
lt_cv_sys_global_symbol_to_cdecl='sed -n -e '\''s/^T .* \(.*\)$/extern int \1();/p'\'' -e '\''s/^[ABCDGIRSTW]* .* \(.*\)$/extern char \1;/p'\'''
lt_cv_sys_max_cmd_len=1572864
lt_cv_to_host_file_cmd=func_convert_file_noop
lt_cv_to_tool_file_cmd=func_convert_file_noop

## ----------------- ##
## Output variables. ##
## ----------------- ##

ACLOCAL='${SHELL} /var/www/nsab.us/StalkingTuner/libfap-1.5/missing --run aclocal-1.11'
AMDEPBACKSLASH='\'
AMDEP_FALSE='#'
AMDEP_TRUE=''
AMTAR='$${TAR-tar}'
AR='ar'
AUTOCONF='${SHELL} /var/www/nsab.us/StalkingTuner/libfap-1.5/missing --run autoconf'
AUTOHEADER='${SHELL} /var/www/nsab.us/StalkingTuner/libfap-1.5/missing --run autoheader'
AUTOMAKE='${SHELL} /var/www/nsab.us/StalkingTuner/libfap-1.5/missing --run automake-1.11'
AWK='mawk'
CC='gcc'
CCDEPMODE='depmode=gcc3'
CFLAGS='-g -O2'
CPP='gcc -E'
CPPFLAGS=''
CYGPATH_W='echo'
DEFS='-DHAVE_CONFIG_H'
DEPDIR='.deps'
DLLTOOL='false'
DSYMUTIL=''
DUMPBIN=''
ECHO_C=''
ECHO_N='-n'
ECHO_T=''
EGREP='/bin/grep -E'
EXEEXT=''
FAP_LIBRARY_VERSION='6:0:0'
FGREP='/bin/grep -F'
GREP='/bin/grep'
INSTALL_DATA='${INSTALL} -m 644'
INSTALL_PROGRAM='${INSTALL}'
INSTALL_SCRIPT='${INSTALL}'
INSTALL_STRIP_PROGRAM='$(install_sh) -c -s'
LD='/usr/bin/ld -m elf_x86_64'
LDFLAGS=''
LIBOBJS=''
LIBS='-lm '
LIBTOOL='$(SHELL) $(top_builddir)/libtool'
LIPO=''
LN_S='ln -s'
LTLIBOBJS=''
MAKEINFO='${SHELL} /var/www/nsab.us/StalkingTuner/libfap-1.5/missing --run makeinfo'
MANIFEST_TOOL=':'
MKDIR_P='/bin/mkdir -p'
NM='/usr/bin/nm -B'
NMEDIT=''
OBJDUMP='objdump'
OBJEXT='o'
OTOOL64=''
OTOOL=''
PACKAGE='libfap'
PACKAGE_BUGREPORT='OH2GVE'
PACKAGE_NAME='APRS parser'
PACKAGE_STRING='APRS parser 1.5'
PACKAGE_TARNAME='libfap'
PACKAGE_URL=''
PACKAGE_VERSION='1.5'
PATH_SEPARATOR=':'
RANLIB='ranlib'
SED='/bin/sed'
SET_MAKE=''
SHELL='/bin/bash'
STRIP='strip'
VERSION='1.5'
ac_ct_AR='ar'
ac_ct_CC='gcc'
ac_ct_DUMPBIN=''
am__EXEEXT_FALSE=''
am__EXEEXT_TRUE='#'
am__fastdepCC_FALSE='#'
am__fastdepCC_TRUE=''
am__include='include'
am__isrc=''
am__leading_dot='.'
am__nodep='_no'
am__quote=''
am__tar='$${TAR-tar} chof - "$$tardir"'
am__untar='$${TAR-tar} xf -'
bindir='${exec_prefix}/bin'
build='x86_64-unknown-linux-gnu'
build_alias=''
build_cpu='x86_64'
build_os='linux-gnu'
build_vendor='unknown'
datadir='${datarootdir}'
datarootdir='${prefix}/share'
docdir='${datarootdir}/doc/${PACKAGE_TARNAME}'
dvidir='${docdir}'
exec_prefix='${prefix}'
host='x86_64-unknown-linux-gnu'
host_alias=''
host_cpu='x86_64'
host_os='linux-gnu'
host_vendor='unknown'
htmldir='${docdir}'
includedir='${prefix}/include'
infodir='${datarootdir}/info'
install_sh='${SHELL} /var/www/nsab.us/StalkingTuner/libfap-1.5/install-sh'
libdir='${exec_prefix}/lib'
libexecdir='${exec_prefix}/libexec'
localedir='${datarootdir}/locale'
localstatedir='${prefix}/var'
mandir='${datarootdir}/man'
mkdir_p='/bin/mkdir -p'
oldincludedir='/usr/include'
pdfdir='${docdir}'
prefix='/usr/local'
program_transform_name='s,x,x,'
psdir='${docdir}'
sbindir='${exec_prefix}/sbin'
sharedstatedir='${prefix}/com'
sysconfdir='${prefix}/etc'
target_alias=''

## ----------- ##
## confdefs.h. ##
## ----------- ##

/* confdefs.h */
#define PACKAGE_NAME "APRS parser"
#define PACKAGE_TARNAME "libfap"
#define PACKAGE_VERSION "1.5"
#define PACKAGE_STRING "APRS parser 1.5"
#define PACKAGE_BUGREPORT "OH2GVE"
#define PACKAGE_URL ""
#define PACKAGE "libfap"
#define VERSION "1.5"
#define STDC_HEADERS 1
#define HAVE_SYS_TYPES_H 1
#define HAVE_SYS_STAT_H 1
#define HAVE_STDLIB_H 1
#define HAVE_STRING_H 1
#define HAVE_MEMORY_H 1
#define HAVE_STRINGS_H 1
#define HAVE_INTTYPES_H 1
#define HAVE_STDINT_H 1
#define HAVE_UNISTD_H 1
#define HAVE_DLFCN_H 1
#define LT_OBJDIR ".libs/"
#define HAVE_LIBM 1

configure: exit 0
